Unity Editor version:    2020.3.26f1 (7298b473bc1a)
Branch:                  2020.3/staging
Build type:              Release
Batch mode:              YES
System name:             Linux
Distro version:          #172-Ubuntu SMP Fri Jul 7 16:10:02 UTC 2023
Kernel version:          5.4.0-155-generic
Architecture:            x86_64
Available memory:        7351 MB
Using pre-set license
Pro License: NO
Desktop is 1920 x 1080 @ 60 Hz

COMMAND LINE ARGUMENTS:
Unity
-adb2
-batchMode
-noUpm
-name
AssetImportWorker0
-projectPath
/mnt/HDD/Unity Projects/Design Patterns Practice/game-design-pattern
-logFile
Logs/AssetImportWorker0.log
-srvPort
43263
Successfully changed project path to: /mnt/HDD/Unity Projects/Design Patterns Practice/game-design-pattern
/mnt/HDD/Unity Projects/Design Patterns Practice/game-design-pattern
Using Asset Import Pipeline V2.
Refreshing native plugins compatible for Editor in 69.98 ms, found 0 plugins.
Preloading 0 native plugins for Editor in 0.00 ms.
Initialize engine version: 2020.3.26f1 (7298b473bc1a)
[Subsystems] Discovering subsystems at path /home/omar/Unity/Hub/Editor/2020.3.26f1/Editor/Data/Resources/UnitySubsystems
[Subsystems] Discovering subsystems at path /mnt/HDD/Unity Projects/Design Patterns Practice/game-design-pattern/Assets
GLX Extensions: GLX_ARB_create_context GLX_ARB_create_context_no_error GLX_ARB_create_context_profile GLX_ARB_create_context_robustness GLX_ARB_fbconfig_float GLX_ARB_framebuffer_sRGB GLX_ARB_get_proc_address GLX_ARB_multisample GLX_EXT_buffer_age GLX_EXT_create_context_es2_profile GLX_EXT_create_context_es_profile GLX_EXT_fbconfig_packed_float GLX_EXT_framebuffer_sRGB GLX_EXT_import_context GLX_EXT_no_config_context GLX_EXT_swap_control GLX_EXT_swap_control_tear GLX_EXT_texture_from_pixmap GLX_EXT_visual_info GLX_EXT_visual_rating GLX_INTEL_swap_event GLX_MESA_copy_sub_buffer GLX_MESA_query_renderer GLX_MESA_swap_control GLX_OML_swap_method GLX_OML_sync_control GLX_SGIS_multisample GLX_SGIX_fbconfig GLX_SGIX_pbuffer GLX_SGIX_visual_select_group GLX_SGI_make_current_read GLX_SGI_swap_control GLX_SGI_video_sync 
Renderer: Mesa Intel(R) HD Graphics 520 (SKL GT2)
Vendor:   Intel
Version:  4.6 (Core Profile) Mesa 21.2.6
GLES:     0
 GL_3DFX_texture_compression_FXT1 GL_AMD_conservative_depth GL_AMD_depth_clamp_separate GL_AMD_draw_buffers_blend GL_AMD_gpu_shader_int64 GL_AMD_multi_draw_indirect GL_AMD_performance_monitor GL_AMD_pinned_memory GL_AMD_query_buffer_object GL_AMD_seamless_cubemap_per_texture GL_AMD_shader_stencil_export GL_AMD_shader_trinary_minmax GL_AMD_texture_texture4 GL_AMD_vertex_shader_layer GL_AMD_vertex_shader_viewport_index GL_ANGLE_texture_compression_dxt3 GL_ANGLE_texture_compression_dxt5 GL_ARB_ES2_compatibility GL_ARB_ES3_1_compatibility GL_ARB_ES3_2_compatibility GL_ARB_ES3_compatibility GL_ARB_arrays_of_arrays GL_ARB_base_instance GL_ARB_blend_func_extended GL_ARB_buffer_storage GL_ARB_clear_buffer_object GL_ARB_clear_texture GL_ARB_clip_control GL_ARB_compressed_texture_pixel_storage GL_ARB_compute_shader GL_ARB_compute_variable_group_size GL_ARB_conditional_render_inverted GL_ARB_conservative_depth GL_ARB_copy_buffer GL_ARB_copy_image GL_ARB_cull_distance GL_ARB_debug_output GL_ARB_depth_buffer_float GL_ARB
_depth_clamp GL_ARB_derivative_control GL_ARB_direct_state_access GL_ARB_draw_buffers GL_ARB_draw_buffers_blend GL_ARB_draw_elements_base_vertex GL_ARB_draw_indirect GL_ARB_draw_instanced GL_ARB_enhanced_layouts GL_ARB_explicit_attrib_location GL_ARB_explicit_uniform_location GL_ARB_fragment_coord_conventions GL_ARB_fragment_layer_viewport GL_ARB_fragment_shader GL_ARB_fragment_shader_interlock GL_ARB_framebuffer_no_attachments GL_ARB_framebuffer_object GL_ARB_framebuffer_sRGB GL_ARB_get_program_binary GL_ARB_get_texture_sub_image GL_ARB_gl_spirv GL_ARB_gpu_shader5 GL_ARB_gpu_shader_fp64 GL_ARB_gpu_shader_int64 GL_ARB_half_float_pixel GL_ARB_half_float_vertex GL_ARB_indirect_parameters GL_ARB_instanced_arrays GL_ARB_internalformat_query GL_ARB_internalformat_query2 GL_ARB_invalidate_subdata GL_ARB_map_buffer_alignment GL_ARB_map_buffer_range GL_ARB_multi_bind GL_ARB_multi_draw_indirect GL_ARB_occlusion_query2 GL_ARB_parallel_shader_compile GL_ARB_pipeline_statistics_query GL_ARB_pixel_buffer_object GL_ARB_po
int_sprite GL_ARB_polygon_offset_clamp GL_ARB_post_depth_coverage GL_ARB_program_interface_query GL_ARB_provoking_vertex GL_ARB_query_buffer_object GL_ARB_robust_buffer_access_behavior GL_ARB_robustness GL_ARB_sample_shading GL_ARB_sampler_objects GL_ARB_seamless_cube_map GL_ARB_seamless_cubemap_per_texture GL_ARB_separate_shader_objects GL_ARB_shader_atomic_counter_ops GL_ARB_shader_atomic_counters GL_ARB_shader_ballot GL_ARB_shader_bit_encoding GL_ARB_shader_clock GL_ARB_shader_draw_parameters GL_ARB_shader_group_vote GL_ARB_shader_image_load_store GL_ARB_shader_image_size GL_ARB_shader_objects GL_ARB_shader_precision GL_ARB_shader_stencil_export GL_ARB_shader_storage_buffer_object GL_ARB_shader_subroutine GL_ARB_shader_texture_image_samples GL_ARB_shader_texture_lod GL_ARB_shader_viewport_layer_array GL_ARB_shading_language_420pack GL_ARB_shading_language_include GL_ARB_shading_language_packing GL_ARB_spirv_extensions GL_ARB_stencil_texturing GL_ARB_sync GL_ARB_tessellation_shader GL_ARB_texture_barrier G
L_ARB_texture_buffer_object GL_ARB_texture_buffer_object_rgb32 GL_ARB_texture_buffer_range GL_ARB_texture_compression_bptc GL_ARB_texture_compression_rgtc GL_ARB_texture_cube_map_array GL_ARB_texture_filter_anisotropic GL_ARB_texture_float GL_ARB_texture_gather GL_ARB_texture_mirror_clamp_to_edge GL_ARB_texture_multisample GL_ARB_texture_non_power_of_two GL_ARB_texture_query_levels GL_ARB_texture_query_lod GL_ARB_texture_rectangle GL_ARB_texture_rg GL_ARB_texture_rgb10_a2ui GL_ARB_texture_stencil8 GL_ARB_texture_storage GL_ARB_texture_storage_multisample GL_ARB_texture_swizzle GL_ARB_texture_view GL_ARB_timer_query GL_ARB_transform_feedback2 GL_ARB_transform_feedback3 GL_ARB_transform_feedback_instanced GL_ARB_transform_feedback_overflow_query GL_ARB_uniform_buffer_object GL_ARB_vertex_array_bgra GL_ARB_vertex_array_object GL_ARB_vertex_attrib_64bit GL_ARB_vertex_attrib_binding GL_ARB_vertex_buffer_object GL_ARB_vertex_shader GL_ARB_vertex_type_10f_11f_11f_rev GL_ARB_vertex_type_2_10_10_10_rev GL_ARB_viewpor
t_array GL_ATI_blend_equation_separate GL_ATI_texture_float GL_EXT_EGL_image_storage GL_EXT_EGL_sync GL_EXT_abgr GL_EXT_blend_equation_separate GL_EXT_demote_to_helper_invocation GL_EXT_draw_buffers2 GL_EXT_draw_instanced GL_EXT_framebuffer_blit GL_EXT_framebuffer_multisample GL_EXT_framebuffer_multisample_blit_scaled GL_EXT_framebuffer_object GL_EXT_framebuffer_sRGB GL_EXT_memory_object GL_EXT_memory_object_fd GL_EXT_packed_depth_stencil GL_EXT_packed_float GL_EXT_pixel_buffer_object GL_EXT_polygon_offset_clamp GL_EXT_provoking_vertex GL_EXT_semaphore GL_EXT_semaphore_fd GL_EXT_shader_framebuffer_fetch GL_EXT_shader_framebuffer_fetch_non_coherent GL_EXT_shader_integer_mix GL_EXT_shader_samples_identical GL_EXT_texture_array GL_EXT_texture_compression_dxt1 GL_EXT_texture_compression_rgtc GL_EXT_texture_compression_s3tc GL_EXT_texture_filter_anisotropic GL_EXT_texture_integer GL_EXT_texture_sRGB GL_EXT_texture_sRGB_R8 GL_EXT_texture_sRGB_decode GL_EXT_texture_shadow_lod GL_EXT_texture_shared_exponent GL_EXT_t
exture_snorm GL_EXT_texture_swizzle GL_EXT_timer_query GL_EXT_transform_feedback GL_EXT_vertex_array_bgra GL_EXT_vertex_attrib_64bit GL_IBM_multimode_draw_arrays GL_INTEL_blackhole_render GL_INTEL_conservative_rasterization GL_INTEL_performance_query GL_INTEL_shader_atomic_float_minmax GL_INTEL_shader_integer_functions2 GL_KHR_blend_equation_advanced GL_KHR_blend_equation_advanced_coherent GL_KHR_context_flush_control GL_KHR_debug GL_KHR_no_error GL_KHR_parallel_shader_compile GL_KHR_robust_buffer_access_behavior GL_KHR_robustness GL_KHR_texture_compression_astc_ldr GL_KHR_texture_compression_astc_sliced_3d GL_MESA_framebuffer_flip_y GL_MESA_pack_invert GL_MESA_shader_integer_functions GL_MESA_texture_signed_rgba GL_NV_compute_shader_derivatives GL_NV_conditional_render GL_NV_copy_image GL_NV_depth_clamp GL_NV_fragment_shader_interlock GL_NV_packed_depth_stencil GL_NV_texture_barrier GL_OES_EGL_image GL_S3_s3tc
OPENGL LOG: Creating OpenGL 4.6 graphics device ; Context level  <OpenGL 4.5> ; Context handle -798587904
Initialize mono
Mono path[0] = '/home/omar/Unity/Hub/Editor/2020.3.26f1/Editor/Data/Managed'
Mono path[1] = '/home/omar/Unity/Hub/Editor/2020.3.26f1/Editor/Data/MonoBleedingEdge/lib/mono/unityjit'
Mono config path = '/home/omar/Unity/Hub/Editor/2020.3.26f1/Editor/Data/MonoBleedingEdge/etc'
Using monoOptions --debugger-agent=transport=dt_socket,embedding=1,server=y,suspend=n,address=127.0.0.1:56840
Begin MonoManager ReloadAssembly
Registering precompiled unity dll's ...
Register platform support module: /home/omar/Unity/Hub/Editor/2020.3.26f1/Editor/Data/PlaybackEngines/WebGLSupport/UnityEditor.WebGL.Extensions.dll
Register platform support module: /home/omar/Unity/Hub/Editor/2020.3.26f1/Editor/Data/PlaybackEngines/LinuxStandaloneSupport/UnityEditor.LinuxStandalone.Extensions.dll
Registered in 0.007298 seconds.
Native extension for LinuxStandalone target not found
Native extension for WebGL target not found
Refreshing native plugins compatible for Editor in 59.48 ms, found 0 plugins.
Preloading 0 native plugins for Editor in 0.00 ms.
Mono: successfully reloaded assembly
- Completed reload, in  1.563 seconds
Domain Reload Profiling:
	ReloadAssembly (1564ms)
		BeginReloadAssembly (98ms)
			ExecutionOrderSort (0ms)
			DisableScriptedObjects (0ms)
			BackupInstance (0ms)
			ReleaseScriptingObjects (0ms)
			CreateAndSetChildDomain (3ms)
		EndReloadAssembly (1270ms)
			LoadAssemblies (93ms)
			RebuildTransferFunctionScriptingTraits (0ms)
			SetupTypeCache (439ms)
			ReleaseScriptCaches (0ms)
			RebuildScriptCaches (65ms)
			SetupLoadedEditorAssemblies (499ms)
				LogAssemblyErrors (0ms)
				InitializePlatformSupportModulesInManaged (7ms)
				SetLoadedEditorAssemblies (0ms)
				RefreshPlugins (60ms)
				BeforeProcessingInitializeOnLoad (20ms)
				ProcessInitializeOnLoadAttributes (328ms)
				ProcessInitializeOnLoadMethodAttributes (84ms)
				AfterProcessingInitializeOnLoad (0ms)
				EditorAssembliesLoaded (0ms)
			ExecutionOrderSort2 (0ms)
			AwakeInstancesAfterBackupRestoration (0ms)
Platform modules already initialized, skipping
Registering precompiled user dll's ...
Registered in 0.062687 seconds.
Begin MonoManager ReloadAssembly
Native extension for LinuxStandalone target not found
Native extension for WebGL target not found
Refreshing native plugins compatible for Editor in 0.55 ms, found 0 plugins.
Preloading 0 native plugins for Editor in 0.00 ms.
Mono: successfully reloaded assembly
- Completed reload, in  3.090 seconds
Domain Reload Profiling:
	ReloadAssembly (3100ms)
		BeginReloadAssembly (289ms)
			ExecutionOrderSort (0ms)
			DisableScriptedObjects (11ms)
			BackupInstance (0ms)
			ReleaseScriptingObjects (0ms)
			CreateAndSetChildDomain (31ms)
		EndReloadAssembly (2652ms)
			LoadAssemblies (310ms)
			RebuildTransferFunctionScriptingTraits (0ms)
			SetupTypeCache (931ms)
			ReleaseScriptCaches (1ms)
			RebuildScriptCaches (113ms)
			SetupLoadedEditorAssemblies (1010ms)
				LogAssemblyErrors (0ms)
				InitializePlatformSupportModulesInManaged (13ms)
				SetLoadedEditorAssemblies (2ms)
				RefreshPlugins (6ms)
				BeforeProcessingInitializeOnLoad (183ms)
				ProcessInitializeOnLoadAttributes (777ms)
				ProcessInitializeOnLoadMethodAttributes (18ms)
				AfterProcessingInitializeOnLoad (11ms)
				EditorAssembliesLoaded (1ms)
			ExecutionOrderSort2 (0ms)
			AwakeInstancesAfterBackupRestoration (14ms)
Platform modules already initialized, skipping
========================================================================
Worker process is ready to serve import requests
Launched and connected shader compiler UnityShaderCompiler after 0.04 seconds
Refreshing native plugins compatible for Editor in 1.05 ms, found 0 plugins.
Preloading 0 native plugins for Editor in 0.00 ms.
Unloading 1516 Unused Serialized files (Serialized files now loaded: 0)
System memory in use before: 62.3 MB.
System memory in use after: 62.3 MB.

Unloading 19 unused Assets to reduce memory usage. Loaded Objects now: 1948.
Total: 11.398744 ms (FindLiveObjects: 0.299691 ms CreateObjectMapping: 0.183983 ms MarkObjects: 10.496536 ms  DeleteObjects: 0.416265 ms)

AssetImportParameters requested are different than current active one (requested -> active):
  custom:video-decoder-ogg-theora: a1e56fd34408186e4bbccfd4996cb3dc -> 
  custom:container-muxer-webm: aa71ff27fc2769a1b78a27578f13a17b -> 
  custom:container-demuxer-webm: 4f35f7cbe854078d1ac9338744f61a02 -> 
  custom:container-demuxer-ogg: 62fdf1f143b41e24485cea50d1cbac27 -> 
  custom:video-encoder-webm-vp8: eb34c28f22e8b96e1ab97ce403110664 -> 
  custom:video-decoder-webm-vp8: 9c59270c3fd7afecdb556c50c9e8de78 -> 
  custom:audio-decoder-ogg-vorbis: bf7c407c2cedff20999df2af8eb42d56 -> 
  custom:audio-encoder-webm-vorbis: bf7c407c2cedff20999df2af8eb42d56 -> 
========================================================================
Received Import Request.
  path: Assets/Scripts/Factory/FactoryClient.cs
  artifactKey: Guid(724e1884cbbf3401583e3ecfd67dcfc5) Importer(815301076,1909f56bfc062723c751e8b465ee728b)
Start importing Assets/Scripts/Factory/FactoryClient.cs using Guid(724e1884cbbf3401583e3ecfd67dcfc5) Importer(815301076,1909f56bfc062723c751e8b465ee728b)  -> (artifact id: '8523fe6745c06f91e42c0630828d1ed2') in 0.009905 seconds 
  Import took 0.015628 seconds .

========================================================================
Received Import Request.
  Time since last request: 537.233749 seconds.
  path: Assets/Scripts/Factory/FactoryClient.cs
  artifactKey: Guid(724e1884cbbf3401583e3ecfd67dcfc5) Importer(815301076,1909f56bfc062723c751e8b465ee728b)
Start importing Assets/Scripts/Factory/FactoryClient.cs using Guid(724e1884cbbf3401583e3ecfd67dcfc5) Importer(815301076,1909f56bfc062723c751e8b465ee728b)  -> (artifact id: '2ccfc64a441f6d34f832d7bfb832c687') in 0.008851 seconds 
  Import took 0.015099 seconds .

========================================================================
Received Prepare
Registering precompiled user dll's ...
Registered in 0.023139 seconds.
Begin MonoManager ReloadAssembly
Native extension for LinuxStandalone target not found
Native extension for WebGL target not found
Refreshing native plugins compatible for Editor in 0.37 ms, found 0 plugins.
Preloading 0 native plugins for Editor in 0.00 ms.
Mono: successfully reloaded assembly
- Completed reload, in  1.340 seconds
Domain Reload Profiling:
	ReloadAssembly (1341ms)
		BeginReloadAssembly (141ms)
			ExecutionOrderSort (0ms)
			DisableScriptedObjects (7ms)
			BackupInstance (0ms)
			ReleaseScriptingObjects (0ms)
			CreateAndSetChildDomain (54ms)
		EndReloadAssembly (1093ms)
			LoadAssemblies (127ms)
			RebuildTransferFunctionScriptingTraits (0ms)
			SetupTypeCache (370ms)
			ReleaseScriptCaches (1ms)
			RebuildScriptCaches (52ms)
			SetupLoadedEditorAssemblies (395ms)
				LogAssemblyErrors (0ms)
				InitializePlatformSupportModulesInManaged (7ms)
				SetLoadedEditorAssemblies (1ms)
				RefreshPlugins (1ms)
				BeforeProcessingInitializeOnLoad (91ms)
				ProcessInitializeOnLoadAttributes (275ms)
				ProcessInitializeOnLoadMethodAttributes (10ms)
				AfterProcessingInitializeOnLoad (8ms)
				EditorAssembliesLoaded (0ms)
			ExecutionOrderSort2 (0ms)
			AwakeInstancesAfterBackupRestoration (9ms)
Platform modules already initialized, skipping
Refreshing native plugins compatible for Editor in 0.45 ms, found 0 plugins.
Preloading 0 native plugins for Editor in 0.00 ms.
Unloading 1510 Unused Serialized files (Serialized files now loaded: 0)
System memory in use before: 62.1 MB.
System memory in use after: 62.2 MB.

Unloading 14 unused Assets to reduce memory usage. Loaded Objects now: 1950.
Total: 5.565436 ms (FindLiveObjects: 0.188919 ms CreateObjectMapping: 0.060201 ms MarkObjects: 5.243682 ms  DeleteObjects: 0.071241 ms)

AssetImportParameters requested are different than current active one (requested -> active):
  custom:video-decoder-ogg-theora: a1e56fd34408186e4bbccfd4996cb3dc -> 
  custom:container-muxer-webm: aa71ff27fc2769a1b78a27578f13a17b -> 
  custom:container-demuxer-webm: 4f35f7cbe854078d1ac9338744f61a02 -> 
  custom:container-demuxer-ogg: 62fdf1f143b41e24485cea50d1cbac27 -> 
  custom:video-encoder-webm-vp8: eb34c28f22e8b96e1ab97ce403110664 -> 
  custom:video-decoder-webm-vp8: 9c59270c3fd7afecdb556c50c9e8de78 -> 
  custom:audio-decoder-ogg-vorbis: bf7c407c2cedff20999df2af8eb42d56 -> 
  custom:audio-encoder-webm-vorbis: bf7c407c2cedff20999df2af8eb42d56 -> 
========================================================================
Received Import Request.
  Time since last request: 1407.034010 seconds.
  path: Assets/Scripts/Misc/CharacterAnimatorManger.cs
  artifactKey: Guid(5232bd2fc4a323179886debc622affe7) Importer(815301076,1909f56bfc062723c751e8b465ee728b)
Start importing Assets/Scripts/Misc/CharacterAnimatorManger.cs using Guid(5232bd2fc4a323179886debc622affe7) Importer(815301076,1909f56bfc062723c751e8b465ee728b)  -> (artifact id: 'be3cbab17f0a6927b598c1ccb60adabb') in 0.013531 seconds 
  Import took 0.019479 seconds .

========================================================================
Received Prepare
Registering precompiled user dll's ...
Registered in 0.018949 seconds.
Begin MonoManager ReloadAssembly
Native extension for LinuxStandalone target not found
Native extension for WebGL target not found
Refreshing native plugins compatible for Editor in 0.35 ms, found 0 plugins.
Preloading 0 native plugins for Editor in 0.00 ms.
Mono: successfully reloaded assembly
- Completed reload, in  1.445 seconds
Domain Reload Profiling:
	ReloadAssembly (1446ms)
		BeginReloadAssembly (155ms)
			ExecutionOrderSort (0ms)
			DisableScriptedObjects (6ms)
			BackupInstance (0ms)
			ReleaseScriptingObjects (0ms)
			CreateAndSetChildDomain (60ms)
		EndReloadAssembly (1180ms)
			LoadAssemblies (138ms)
			RebuildTransferFunctionScriptingTraits (0ms)
			SetupTypeCache (380ms)
			ReleaseScriptCaches (1ms)
			RebuildScriptCaches (58ms)
			SetupLoadedEditorAssemblies (444ms)
				LogAssemblyErrors (0ms)
				InitializePlatformSupportModulesInManaged (8ms)
				SetLoadedEditorAssemblies (1ms)
				RefreshPlugins (1ms)
				BeforeProcessingInitializeOnLoad (105ms)
				ProcessInitializeOnLoadAttributes (312ms)
				ProcessInitializeOnLoadMethodAttributes (10ms)
				AfterProcessingInitializeOnLoad (8ms)
				EditorAssembliesLoaded (0ms)
			ExecutionOrderSort2 (0ms)
			AwakeInstancesAfterBackupRestoration (10ms)
Platform modules already initialized, skipping
Refreshing native plugins compatible for Editor in 0.37 ms, found 0 plugins.
Preloading 0 native plugins for Editor in 0.00 ms.
Unloading 1511 Unused Serialized files (Serialized files now loaded: 0)
System memory in use before: 62.2 MB.
System memory in use after: 62.2 MB.

Unloading 14 unused Assets to reduce memory usage. Loaded Objects now: 1953.
Total: 6.937771 ms (FindLiveObjects: 0.214995 ms CreateObjectMapping: 0.057472 ms MarkObjects: 6.604561 ms  DeleteObjects: 0.059072 ms)

AssetImportParameters requested are different than current active one (requested -> active):
  custom:video-decoder-ogg-theora: a1e56fd34408186e4bbccfd4996cb3dc -> 
  custom:container-muxer-webm: aa71ff27fc2769a1b78a27578f13a17b -> 
  custom:container-demuxer-webm: 4f35f7cbe854078d1ac9338744f61a02 -> 
  custom:container-demuxer-ogg: 62fdf1f143b41e24485cea50d1cbac27 -> 
  custom:video-encoder-webm-vp8: eb34c28f22e8b96e1ab97ce403110664 -> 
  custom:video-decoder-webm-vp8: 9c59270c3fd7afecdb556c50c9e8de78 -> 
  custom:audio-decoder-ogg-vorbis: bf7c407c2cedff20999df2af8eb42d56 -> 
  custom:audio-encoder-webm-vorbis: bf7c407c2cedff20999df2af8eb42d56 -> 
========================================================================
Received Prepare
Registering precompiled user dll's ...
Registered in 0.032335 seconds.
Begin MonoManager ReloadAssembly
Native extension for LinuxStandalone target not found
Native extension for WebGL target not found
Refreshing native plugins compatible for Editor in 0.50 ms, found 0 plugins.
Preloading 0 native plugins for Editor in 0.00 ms.
Mono: successfully reloaded assembly
- Completed reload, in  1.346 seconds
Domain Reload Profiling:
	ReloadAssembly (1347ms)
		BeginReloadAssembly (111ms)
			ExecutionOrderSort (0ms)
			DisableScriptedObjects (5ms)
			BackupInstance (0ms)
			ReleaseScriptingObjects (0ms)
			CreateAndSetChildDomain (37ms)
		EndReloadAssembly (1150ms)
			LoadAssemblies (111ms)
			RebuildTransferFunctionScriptingTraits (0ms)
			SetupTypeCache (378ms)
			ReleaseScriptCaches (1ms)
			RebuildScriptCaches (60ms)
			SetupLoadedEditorAssemblies (423ms)
				LogAssemblyErrors (0ms)
				InitializePlatformSupportModulesInManaged (7ms)
				SetLoadedEditorAssemblies (1ms)
				RefreshPlugins (1ms)
				BeforeProcessingInitializeOnLoad (93ms)
				ProcessInitializeOnLoadAttributes (302ms)
				ProcessInitializeOnLoadMethodAttributes (11ms)
				AfterProcessingInitializeOnLoad (8ms)
				EditorAssembliesLoaded (0ms)
			ExecutionOrderSort2 (0ms)
			AwakeInstancesAfterBackupRestoration (10ms)
Platform modules already initialized, skipping
Refreshing native plugins compatible for Editor in 0.47 ms, found 0 plugins.
Preloading 0 native plugins for Editor in 0.00 ms.
Unloading 1511 Unused Serialized files (Serialized files now loaded: 0)
System memory in use before: 62.2 MB.
System memory in use after: 62.2 MB.

Unloading 15 unused Assets to reduce memory usage. Loaded Objects now: 1955.
Total: 6.083928 ms (FindLiveObjects: 0.198970 ms CreateObjectMapping: 0.061698 ms MarkObjects: 5.754289 ms  DeleteObjects: 0.067217 ms)

AssetImportParameters requested are different than current active one (requested -> active):
  custom:video-decoder-ogg-theora: a1e56fd34408186e4bbccfd4996cb3dc -> 
  custom:container-muxer-webm: aa71ff27fc2769a1b78a27578f13a17b -> 
  custom:container-demuxer-webm: 4f35f7cbe854078d1ac9338744f61a02 -> 
  custom:container-demuxer-ogg: 62fdf1f143b41e24485cea50d1cbac27 -> 
  custom:video-encoder-webm-vp8: eb34c28f22e8b96e1ab97ce403110664 -> 
  custom:video-decoder-webm-vp8: 9c59270c3fd7afecdb556c50c9e8de78 -> 
  custom:audio-decoder-ogg-vorbis: bf7c407c2cedff20999df2af8eb42d56 -> 
  custom:audio-encoder-webm-vorbis: bf7c407c2cedff20999df2af8eb42d56 -> 
========================================================================
Received Import Request.
  Time since last request: 112.600743 seconds.
  path: Assets/Scripts/Misc/CharacterAnimatorManager.cs
  artifactKey: Guid(a9ff6d9feb37fcdc2b7442c36d0915ba) Importer(815301076,1909f56bfc062723c751e8b465ee728b)
Start importing Assets/Scripts/Misc/CharacterAnimatorManager.cs using Guid(a9ff6d9feb37fcdc2b7442c36d0915ba) Importer(815301076,1909f56bfc062723c751e8b465ee728b)  -> (artifact id: 'c50e0edb456b1b87d042a1b52353cc86') in 0.008926 seconds 
  Import took 0.014529 seconds .

========================================================================
Received Prepare
Registering precompiled user dll's ...
Registered in 0.021214 seconds.
Begin MonoManager ReloadAssembly
Native extension for LinuxStandalone target not found
Native extension for WebGL target not found
Refreshing native plugins compatible for Editor in 0.45 ms, found 0 plugins.
Preloading 0 native plugins for Editor in 0.00 ms.
Mono: successfully reloaded assembly
- Completed reload, in  1.760 seconds
Domain Reload Profiling:
	ReloadAssembly (1761ms)
		BeginReloadAssembly (128ms)
			ExecutionOrderSort (0ms)
			DisableScriptedObjects (7ms)
			BackupInstance (0ms)
			ReleaseScriptingObjects (0ms)
			CreateAndSetChildDomain (41ms)
		EndReloadAssembly (1521ms)
			LoadAssemblies (132ms)
			RebuildTransferFunctionScriptingTraits (0ms)
			SetupTypeCache (495ms)
			ReleaseScriptCaches (1ms)
			RebuildScriptCaches (128ms)
			SetupLoadedEditorAssemblies (512ms)
				LogAssemblyErrors (0ms)
				InitializePlatformSupportModulesInManaged (9ms)
				SetLoadedEditorAssemblies (1ms)
				RefreshPlugins (1ms)
				BeforeProcessingInitializeOnLoad (104ms)
				ProcessInitializeOnLoadAttributes (374ms)
				ProcessInitializeOnLoadMethodAttributes (14ms)
				AfterProcessingInitializeOnLoad (10ms)
				EditorAssembliesLoaded (0ms)
			ExecutionOrderSort2 (0ms)
			AwakeInstancesAfterBackupRestoration (10ms)
Platform modules already initialized, skipping
Refreshing native plugins compatible for Editor in 0.44 ms, found 0 plugins.
Preloading 0 native plugins for Editor in 0.00 ms.
Unloading 1511 Unused Serialized files (Serialized files now loaded: 0)
System memory in use before: 62.2 MB.
System memory in use after: 62.2 MB.

Unloading 14 unused Assets to reduce memory usage. Loaded Objects now: 1957.
Total: 7.535543 ms (FindLiveObjects: 0.220276 ms CreateObjectMapping: 0.056344 ms MarkObjects: 7.176572 ms  DeleteObjects: 0.080401 ms)

AssetImportParameters requested are different than current active one (requested -> active):
  custom:video-decoder-ogg-theora: a1e56fd34408186e4bbccfd4996cb3dc -> 
  custom:container-muxer-webm: aa71ff27fc2769a1b78a27578f13a17b -> 
  custom:container-demuxer-webm: 4f35f7cbe854078d1ac9338744f61a02 -> 
  custom:container-demuxer-ogg: 62fdf1f143b41e24485cea50d1cbac27 -> 
  custom:video-encoder-webm-vp8: eb34c28f22e8b96e1ab97ce403110664 -> 
  custom:video-decoder-webm-vp8: 9c59270c3fd7afecdb556c50c9e8de78 -> 
  custom:audio-decoder-ogg-vorbis: bf7c407c2cedff20999df2af8eb42d56 -> 
  custom:audio-encoder-webm-vorbis: bf7c407c2cedff20999df2af8eb42d56 -> 
========================================================================
Received Import Request.
  Time since last request: 179.775218 seconds.
  path: Assets/Resources/Characters/Beach.prefab
  artifactKey: Guid(fb0f369b256cb62a2964ce7a21760c5f) Importer(815301076,1909f56bfc062723c751e8b465ee728b)
Start importing Assets/Resources/Characters/Beach.prefab using Guid(fb0f369b256cb62a2964ce7a21760c5f) Importer(815301076,1909f56bfc062723c751e8b465ee728b)  -> (artifact id: '77f7d2ef2704541e4dd5e77519ed77ed') in 0.499999 seconds 
  Import took 0.506210 seconds .

========================================================================
Received Import Request.
  Time since last request: 0.000462 seconds.
  path: Assets/Resources/Characters/BusinessMan.prefab
  artifactKey: Guid(de8042fee731a668da74c62a9ca39877) Importer(815301076,1909f56bfc062723c751e8b465ee728b)
Start importing Assets/Resources/Characters/BusinessMan.prefab using Guid(de8042fee731a668da74c62a9ca39877) Importer(815301076,1909f56bfc062723c751e8b465ee728b)  -> (artifact id: 'b525f69693092326e3e9db650008ba0f') in 0.051687 seconds 
  Import took 0.058187 seconds .

========================================================================
Received Import Request.
  Time since last request: 0.001750 seconds.
  path: Assets/Resources/Characters/Farmer.prefab
  artifactKey: Guid(43f72cbdac7d3527ca6743b793190891) Importer(815301076,1909f56bfc062723c751e8b465ee728b)
Start importing Assets/Resources/Characters/Farmer.prefab using Guid(43f72cbdac7d3527ca6743b793190891) Importer(815301076,1909f56bfc062723c751e8b465ee728b)  -> (artifact id: '824176861cd8fed76c23c6dee894f0fb') in 0.063954 seconds 
  Import took 0.072777 seconds .

========================================================================
Received Import Request.
  Time since last request: 0.000478 seconds.
  path: Assets/Resources/Characters/Casual.prefab
  artifactKey: Guid(15c368beae6fccac2b74d3417939c23f) Importer(815301076,1909f56bfc062723c751e8b465ee728b)
Start importing Assets/Resources/Characters/Casual.prefab using Guid(15c368beae6fccac2b74d3417939c23f) Importer(815301076,1909f56bfc062723c751e8b465ee728b)  -> (artifact id: '90bac2c429cc23e71b7c99593c361611') in 0.082337 seconds 
  Import took 0.089932 seconds .

========================================================================
Received Prepare
Registering precompiled user dll's ...
Registered in 0.025850 seconds.
Begin MonoManager ReloadAssembly
Native extension for LinuxStandalone target not found
Native extension for WebGL target not found
Refreshing native plugins compatible for Editor in 0.34 ms, found 0 plugins.
Preloading 0 native plugins for Editor in 0.00 ms.
Mono: successfully reloaded assembly
- Completed reload, in  1.525 seconds
Domain Reload Profiling:
	ReloadAssembly (1526ms)
		BeginReloadAssembly (165ms)
			ExecutionOrderSort (0ms)
			DisableScriptedObjects (6ms)
			BackupInstance (0ms)
			ReleaseScriptingObjects (0ms)
			CreateAndSetChildDomain (62ms)
		EndReloadAssembly (1272ms)
			LoadAssemblies (155ms)
			RebuildTransferFunctionScriptingTraits (0ms)
			SetupTypeCache (417ms)
			ReleaseScriptCaches (1ms)
			RebuildScriptCaches (108ms)
			SetupLoadedEditorAssemblies (429ms)
				LogAssemblyErrors (0ms)
				InitializePlatformSupportModulesInManaged (8ms)
				SetLoadedEditorAssemblies (1ms)
				RefreshPlugins (1ms)
				BeforeProcessingInitializeOnLoad (90ms)
				ProcessInitializeOnLoadAttributes (290ms)
				ProcessInitializeOnLoadMethodAttributes (24ms)
				AfterProcessingInitializeOnLoad (14ms)
				EditorAssembliesLoaded (1ms)
			ExecutionOrderSort2 (0ms)
			AwakeInstancesAfterBackupRestoration (17ms)
Platform modules already initialized, skipping
Refreshing native plugins compatible for Editor in 0.49 ms, found 0 plugins.
Preloading 0 native plugins for Editor in 0.00 ms.
Unloading 1511 Unused Serialized files (Serialized files now loaded: 0)
System memory in use before: 63.6 MB.
System memory in use after: 63.7 MB.

Unloading 14 unused Assets to reduce memory usage. Loaded Objects now: 1966.
Total: 5.649347 ms (FindLiveObjects: 0.223077 ms CreateObjectMapping: 0.075210 ms MarkObjects: 5.288732 ms  DeleteObjects: 0.060619 ms)

AssetImportParameters requested are different than current active one (requested -> active):
  custom:video-decoder-ogg-theora: a1e56fd34408186e4bbccfd4996cb3dc -> 
  custom:container-muxer-webm: aa71ff27fc2769a1b78a27578f13a17b -> 
  custom:container-demuxer-webm: 4f35f7cbe854078d1ac9338744f61a02 -> 
  custom:container-demuxer-ogg: 62fdf1f143b41e24485cea50d1cbac27 -> 
  custom:video-encoder-webm-vp8: eb34c28f22e8b96e1ab97ce403110664 -> 
  custom:video-decoder-webm-vp8: 9c59270c3fd7afecdb556c50c9e8de78 -> 
  custom:audio-decoder-ogg-vorbis: bf7c407c2cedff20999df2af8eb42d56 -> 
  custom:audio-encoder-webm-vorbis: bf7c407c2cedff20999df2af8eb42d56 -> 
========================================================================
Received Prepare
Registering precompiled user dll's ...
Registered in 0.027450 seconds.
Begin MonoManager ReloadAssembly
Native extension for LinuxStandalone target not found
Native extension for WebGL target not found
Refreshing native plugins compatible for Editor in 0.40 ms, found 0 plugins.
Preloading 0 native plugins for Editor in 0.00 ms.
Mono: successfully reloaded assembly
- Completed reload, in  1.320 seconds
Domain Reload Profiling:
	ReloadAssembly (1321ms)
		BeginReloadAssembly (119ms)
			ExecutionOrderSort (0ms)
			DisableScriptedObjects (6ms)
			BackupInstance (0ms)
			ReleaseScriptingObjects (0ms)
			CreateAndSetChildDomain (43ms)
		EndReloadAssembly (1114ms)
			LoadAssemblies (112ms)
			RebuildTransferFunctionScriptingTraits (0ms)
			SetupTypeCache (366ms)
			ReleaseScriptCaches (1ms)
			RebuildScriptCaches (57ms)
			SetupLoadedEditorAssemblies (409ms)
				LogAssemblyErrors (0ms)
				InitializePlatformSupportModulesInManaged (7ms)
				SetLoadedEditorAssemblies (1ms)
				RefreshPlugins (1ms)
				BeforeProcessingInitializeOnLoad (100ms)
				ProcessInitializeOnLoadAttributes (282ms)
				ProcessInitializeOnLoadMethodAttributes (10ms)
				AfterProcessingInitializeOnLoad (8ms)
				EditorAssembliesLoaded (0ms)
			ExecutionOrderSort2 (0ms)
			AwakeInstancesAfterBackupRestoration (12ms)
Platform modules already initialized, skipping
Refreshing native plugins compatible for Editor in 0.39 ms, found 0 plugins.
Preloading 0 native plugins for Editor in 0.00 ms.
Unloading 1511 Unused Serialized files (Serialized files now loaded: 0)
System memory in use before: 63.6 MB.
System memory in use after: 63.7 MB.

Unloading 14 unused Assets to reduce memory usage. Loaded Objects now: 1968.
Total: 8.365795 ms (FindLiveObjects: 0.220128 ms CreateObjectMapping: 0.070608 ms MarkObjects: 8.004903 ms  DeleteObjects: 0.068021 ms)

AssetImportParameters requested are different than current active one (requested -> active):
  custom:video-decoder-ogg-theora: a1e56fd34408186e4bbccfd4996cb3dc -> 
  custom:container-muxer-webm: aa71ff27fc2769a1b78a27578f13a17b -> 
  custom:container-demuxer-webm: 4f35f7cbe854078d1ac9338744f61a02 -> 
  custom:container-demuxer-ogg: 62fdf1f143b41e24485cea50d1cbac27 -> 
  custom:video-encoder-webm-vp8: eb34c28f22e8b96e1ab97ce403110664 -> 
  custom:video-decoder-webm-vp8: 9c59270c3fd7afecdb556c50c9e8de78 -> 
  custom:audio-decoder-ogg-vorbis: bf7c407c2cedff20999df2af8eb42d56 -> 
  custom:audio-encoder-webm-vorbis: bf7c407c2cedff20999df2af8eb42d56 -> 
========================================================================
Received Prepare
Registering precompiled user dll's ...
Registered in 0.036841 seconds.
Begin MonoManager ReloadAssembly
Native extension for LinuxStandalone target not found
Native extension for WebGL target not found
Refreshing native plugins compatible for Editor in 0.73 ms, found 0 plugins.
Preloading 0 native plugins for Editor in 0.00 ms.
Mono: successfully reloaded assembly
- Completed reload, in  3.031 seconds
Domain Reload Profiling:
	ReloadAssembly (3032ms)
		BeginReloadAssembly (273ms)
			ExecutionOrderSort (0ms)
			DisableScriptedObjects (10ms)
			BackupInstance (0ms)
			ReleaseScriptingObjects (0ms)
			CreateAndSetChildDomain (100ms)
		EndReloadAssembly (2573ms)
			LoadAssemblies (276ms)
			RebuildTransferFunctionScriptingTraits (0ms)
			SetupTypeCache (867ms)
			ReleaseScriptCaches (2ms)
			RebuildScriptCaches (125ms)
			SetupLoadedEditorAssemblies (992ms)
				LogAssemblyErrors (0ms)
				InitializePlatformSupportModulesInManaged (20ms)
				SetLoadedEditorAssemblies (1ms)
				RefreshPlugins (1ms)
				BeforeProcessingInitializeOnLoad (228ms)
				ProcessInitializeOnLoadAttributes (713ms)
				ProcessInitializeOnLoadMethodAttributes (17ms)
				AfterProcessingInitializeOnLoad (12ms)
				EditorAssembliesLoaded (0ms)
			ExecutionOrderSort2 (0ms)
			AwakeInstancesAfterBackupRestoration (14ms)
Platform modules already initialized, skipping
Refreshing native plugins compatible for Editor in 0.50 ms, found 0 plugins.
Preloading 0 native plugins for Editor in 0.00 ms.
Unloading 1511 Unused Serialized files (Serialized files now loaded: 0)
System memory in use before: 63.6 MB.
System memory in use after: 63.7 MB.

Unloading 14 unused Assets to reduce memory usage. Loaded Objects now: 1970.
Total: 6.701007 ms (FindLiveObjects: 0.296764 ms CreateObjectMapping: 0.075883 ms MarkObjects: 6.213976 ms  DeleteObjects: 0.110300 ms)

AssetImportParameters requested are different than current active one (requested -> active):
  custom:video-decoder-ogg-theora: a1e56fd34408186e4bbccfd4996cb3dc -> 
  custom:container-muxer-webm: aa71ff27fc2769a1b78a27578f13a17b -> 
  custom:container-demuxer-webm: 4f35f7cbe854078d1ac9338744f61a02 -> 
  custom:container-demuxer-ogg: 62fdf1f143b41e24485cea50d1cbac27 -> 
  custom:video-encoder-webm-vp8: eb34c28f22e8b96e1ab97ce403110664 -> 
  custom:video-decoder-webm-vp8: 9c59270c3fd7afecdb556c50c9e8de78 -> 
  custom:audio-decoder-ogg-vorbis: bf7c407c2cedff20999df2af8eb42d56 -> 
  custom:audio-encoder-webm-vorbis: bf7c407c2cedff20999df2af8eb42d56 -> 
========================================================================
Received Prepare
Registering precompiled user dll's ...
Registered in 0.024630 seconds.
Begin MonoManager ReloadAssembly
Native extension for LinuxStandalone target not found
Native extension for WebGL target not found
Refreshing native plugins compatible for Editor in 1.05 ms, found 0 plugins.
Preloading 0 native plugins for Editor in 0.00 ms.
Mono: successfully reloaded assembly
- Completed reload, in  1.825 seconds
Domain Reload Profiling:
	ReloadAssembly (1826ms)
		BeginReloadAssembly (212ms)
			ExecutionOrderSort (0ms)
			DisableScriptedObjects (6ms)
			BackupInstance (0ms)
			ReleaseScriptingObjects (0ms)
			CreateAndSetChildDomain (100ms)
		EndReloadAssembly (1512ms)
			LoadAssemblies (137ms)
			RebuildTransferFunctionScriptingTraits (0ms)
			SetupTypeCache (544ms)
			ReleaseScriptCaches (1ms)
			RebuildScriptCaches (53ms)
			SetupLoadedEditorAssemblies (634ms)
				LogAssemblyErrors (0ms)
				InitializePlatformSupportModulesInManaged (9ms)
				SetLoadedEditorAssemblies (2ms)
				RefreshPlugins (1ms)
				BeforeProcessingInitializeOnLoad (188ms)
				ProcessInitializeOnLoadAttributes (415ms)
				ProcessInitializeOnLoadMethodAttributes (10ms)
				AfterProcessingInitializeOnLoad (8ms)
				EditorAssembliesLoaded (0ms)
			ExecutionOrderSort2 (0ms)
			AwakeInstancesAfterBackupRestoration (10ms)
Platform modules already initialized, skipping
Refreshing native plugins compatible for Editor in 0.40 ms, found 0 plugins.
Preloading 0 native plugins for Editor in 0.00 ms.
Unloading 1511 Unused Serialized files (Serialized files now loaded: 0)
System memory in use before: 63.6 MB.
System memory in use after: 63.7 MB.

Unloading 14 unused Assets to reduce memory usage. Loaded Objects now: 1972.
Total: 6.238131 ms (FindLiveObjects: 0.239505 ms CreateObjectMapping: 0.056760 ms MarkObjects: 5.873695 ms  DeleteObjects: 0.066244 ms)

AssetImportParameters requested are different than current active one (requested -> active):
  custom:video-decoder-ogg-theora: a1e56fd34408186e4bbccfd4996cb3dc -> 
  custom:container-muxer-webm: aa71ff27fc2769a1b78a27578f13a17b -> 
  custom:container-demuxer-webm: 4f35f7cbe854078d1ac9338744f61a02 -> 
  custom:container-demuxer-ogg: 62fdf1f143b41e24485cea50d1cbac27 -> 
  custom:video-encoder-webm-vp8: eb34c28f22e8b96e1ab97ce403110664 -> 
  custom:video-decoder-webm-vp8: 9c59270c3fd7afecdb556c50c9e8de78 -> 
  custom:audio-decoder-ogg-vorbis: bf7c407c2cedff20999df2af8eb42d56 -> 
  custom:audio-encoder-webm-vorbis: bf7c407c2cedff20999df2af8eb42d56 -> 
========================================================================
Received Prepare
Registering precompiled user dll's ...
Registered in 0.033016 seconds.
Begin MonoManager ReloadAssembly
Native extension for LinuxStandalone target not found
Native extension for WebGL target not found
Refreshing native plugins compatible for Editor in 0.57 ms, found 0 plugins.
Preloading 0 native plugins for Editor in 0.00 ms.
Mono: successfully reloaded assembly
- Completed reload, in  1.736 seconds
Domain Reload Profiling:
	ReloadAssembly (1738ms)
		BeginReloadAssembly (189ms)
			ExecutionOrderSort (0ms)
			DisableScriptedObjects (6ms)
			BackupInstance (0ms)
			ReleaseScriptingObjects (0ms)
			CreateAndSetChildDomain (84ms)
		EndReloadAssembly (1450ms)
			LoadAssemblies (164ms)
			RebuildTransferFunctionScriptingTraits (0ms)
			SetupTypeCache (511ms)
			ReleaseScriptCaches (1ms)
			RebuildScriptCaches (66ms)
			SetupLoadedEditorAssemblies (477ms)
				LogAssemblyErrors (0ms)
				InitializePlatformSupportModulesInManaged (13ms)
				SetLoadedEditorAssemblies (1ms)
				RefreshPlugins (1ms)
				BeforeProcessingInitializeOnLoad (114ms)
				ProcessInitializeOnLoadAttributes (322ms)
				ProcessInitializeOnLoadMethodAttributes (15ms)
				AfterProcessingInitializeOnLoad (10ms)
				EditorAssembliesLoaded (0ms)
			ExecutionOrderSort2 (0ms)
			AwakeInstancesAfterBackupRestoration (11ms)
Platform modules already initialized, skipping
Refreshing native plugins compatible for Editor in 0.48 ms, found 0 plugins.
Preloading 0 native plugins for Editor in 0.00 ms.
Unloading 1511 Unused Serialized files (Serialized files now loaded: 0)
System memory in use before: 63.7 MB.
System memory in use after: 63.7 MB.

Unloading 14 unused Assets to reduce memory usage. Loaded Objects now: 1974.
Total: 6.849442 ms (FindLiveObjects: 0.194286 ms CreateObjectMapping: 0.057693 ms MarkObjects: 6.529317 ms  DeleteObjects: 0.066800 ms)

AssetImportParameters requested are different than current active one (requested -> active):
  custom:video-decoder-ogg-theora: a1e56fd34408186e4bbccfd4996cb3dc -> 
  custom:container-muxer-webm: aa71ff27fc2769a1b78a27578f13a17b -> 
  custom:container-demuxer-webm: 4f35f7cbe854078d1ac9338744f61a02 -> 
  custom:container-demuxer-ogg: 62fdf1f143b41e24485cea50d1cbac27 -> 
  custom:video-encoder-webm-vp8: eb34c28f22e8b96e1ab97ce403110664 -> 
  custom:video-decoder-webm-vp8: 9c59270c3fd7afecdb556c50c9e8de78 -> 
  custom:audio-decoder-ogg-vorbis: bf7c407c2cedff20999df2af8eb42d56 -> 
  custom:audio-encoder-webm-vorbis: bf7c407c2cedff20999df2af8eb42d56 -> 
========================================================================
Received Import Request.
  Time since last request: 964.039671 seconds.
  path: Assets/Resources/Characters/Beach.prefab
  artifactKey: Guid(fb0f369b256cb62a2964ce7a21760c5f) Importer(815301076,1909f56bfc062723c751e8b465ee728b)
Start importing Assets/Resources/Characters/Beach.prefab using Guid(fb0f369b256cb62a2964ce7a21760c5f) Importer(815301076,1909f56bfc062723c751e8b465ee728b)  -> (artifact id: '23b22edb938f12b3eef48bc9de2baebf') in 0.163045 seconds 
  Import took 0.173327 seconds .

========================================================================
Received Import Request.
  Time since last request: 6.260727 seconds.
  path: Assets/Resources/Characters/Beach.prefab
  artifactKey: Guid(fb0f369b256cb62a2964ce7a21760c5f) Importer(815301076,1909f56bfc062723c751e8b465ee728b)
Start importing Assets/Resources/Characters/Beach.prefab using Guid(fb0f369b256cb62a2964ce7a21760c5f) Importer(815301076,1909f56bfc062723c751e8b465ee728b)  -> (artifact id: '36322879c32924e3ed26daa8b7b5db54') in 0.051850 seconds 
  Import took 0.059042 seconds .

========================================================================
Received Import Request.
  Time since last request: 17.459339 seconds.
  path: Assets/Resources/Characters/Beach.prefab
  artifactKey: Guid(fb0f369b256cb62a2964ce7a21760c5f) Importer(815301076,1909f56bfc062723c751e8b465ee728b)
Start importing Assets/Resources/Characters/Beach.prefab using Guid(fb0f369b256cb62a2964ce7a21760c5f) Importer(815301076,1909f56bfc062723c751e8b465ee728b)  -> (artifact id: '15dafb6c11ab561c65f19f77f9f80025') in 0.045440 seconds 
  Import took 0.059839 seconds .

========================================================================
Received Import Request.
  Time since last request: 13.907913 seconds.
  path: Assets/Resources/Characters/Beach.prefab
  artifactKey: Guid(fb0f369b256cb62a2964ce7a21760c5f) Importer(815301076,1909f56bfc062723c751e8b465ee728b)
Start importing Assets/Resources/Characters/Beach.prefab using Guid(fb0f369b256cb62a2964ce7a21760c5f) Importer(815301076,1909f56bfc062723c751e8b465ee728b)  -> (artifact id: '5142737acd3457cea48f8ddc8c56b808') in 0.049005 seconds 
  Import took 0.067276 seconds .

========================================================================
Received Import Request.
  Time since last request: 11.786908 seconds.
  path: Assets/Resources/Characters/Beach.prefab
  artifactKey: Guid(fb0f369b256cb62a2964ce7a21760c5f) Importer(815301076,1909f56bfc062723c751e8b465ee728b)
Start importing Assets/Resources/Characters/Beach.prefab using Guid(fb0f369b256cb62a2964ce7a21760c5f) Importer(815301076,1909f56bfc062723c751e8b465ee728b)  -> (artifact id: '806a47020ad0aca0475f978a4b66fe36') in 0.049487 seconds 
  Import took 0.071972 seconds .

========================================================================
Received Import Request.
  Time since last request: 28.080788 seconds.
  path: Assets/Resources/Characters/Beach.prefab
  artifactKey: Guid(fb0f369b256cb62a2964ce7a21760c5f) Importer(815301076,1909f56bfc062723c751e8b465ee728b)
Start importing Assets/Resources/Characters/Beach.prefab using Guid(fb0f369b256cb62a2964ce7a21760c5f) Importer(815301076,1909f56bfc062723c751e8b465ee728b)  -> (artifact id: 'ea846f3d280b46d7c16444cc74a55a3d') in 0.044366 seconds 
  Import took 0.052787 seconds .

========================================================================
Received Import Request.
  Time since last request: 3.881353 seconds.
  path: Assets/Resources/Characters/Beach.prefab
  artifactKey: Guid(fb0f369b256cb62a2964ce7a21760c5f) Importer(815301076,1909f56bfc062723c751e8b465ee728b)
Start importing Assets/Resources/Characters/Beach.prefab using Guid(fb0f369b256cb62a2964ce7a21760c5f) Importer(815301076,1909f56bfc062723c751e8b465ee728b)  -> (artifact id: 'f65db673be631294bfa98aeb3e149941') in 0.039287 seconds 
  Import took 0.046813 seconds .

========================================================================
Received Import Request.
  Time since last request: 9.226178 seconds.
  path: Assets/Resources/Characters/Beach.prefab
  artifactKey: Guid(fb0f369b256cb62a2964ce7a21760c5f) Importer(815301076,1909f56bfc062723c751e8b465ee728b)
Start importing Assets/Resources/Characters/Beach.prefab using Guid(fb0f369b256cb62a2964ce7a21760c5f) Importer(815301076,1909f56bfc062723c751e8b465ee728b)  -> (artifact id: '4c4040b40d50e6829d9503415b1622e8') in 0.049044 seconds 
  Import took 0.056290 seconds .

========================================================================
Received Import Request.
  Time since last request: 5.771119 seconds.
  path: Assets/Resources/Characters/Beach.prefab
  artifactKey: Guid(fb0f369b256cb62a2964ce7a21760c5f) Importer(815301076,1909f56bfc062723c751e8b465ee728b)
Start importing Assets/Resources/Characters/Beach.prefab using Guid(fb0f369b256cb62a2964ce7a21760c5f) Importer(815301076,1909f56bfc062723c751e8b465ee728b)  -> (artifact id: '6957f75686fae25c9569e8fd8bf2e806') in 0.048219 seconds 
  Import took 0.061792 seconds .

========================================================================
Received Import Request.
  Time since last request: 12.377844 seconds.
  path: Assets/Resources/Characters/Beach.prefab
  artifactKey: Guid(fb0f369b256cb62a2964ce7a21760c5f) Importer(815301076,1909f56bfc062723c751e8b465ee728b)
Start importing Assets/Resources/Characters/Beach.prefab using Guid(fb0f369b256cb62a2964ce7a21760c5f) Importer(815301076,1909f56bfc062723c751e8b465ee728b)  -> (artifact id: 'a64f66d6de2f918986648701ea9d69b6') in 0.042182 seconds 
  Import took 0.054020 seconds .

========================================================================
Received Import Request.
  Time since last request: 12.297114 seconds.
  path: Assets/Resources/Characters/Beach.prefab
  artifactKey: Guid(fb0f369b256cb62a2964ce7a21760c5f) Importer(815301076,1909f56bfc062723c751e8b465ee728b)
Start importing Assets/Resources/Characters/Beach.prefab using Guid(fb0f369b256cb62a2964ce7a21760c5f) Importer(815301076,1909f56bfc062723c751e8b465ee728b)  -> (artifact id: '3add3469d7d1acf01bb0813c605338e9') in 0.047013 seconds 
  Import took 0.055029 seconds .

========================================================================
Received Import Request.
  Time since last request: 14.306554 seconds.
  path: Assets/Resources/Characters/Beach.prefab
  artifactKey: Guid(fb0f369b256cb62a2964ce7a21760c5f) Importer(815301076,1909f56bfc062723c751e8b465ee728b)
Start importing Assets/Resources/Characters/Beach.prefab using Guid(fb0f369b256cb62a2964ce7a21760c5f) Importer(815301076,1909f56bfc062723c751e8b465ee728b)  -> (artifact id: 'b8dced963a72473574d11b5b710cc479') in 0.047648 seconds 
  Import took 0.057195 seconds .

========================================================================
Received Import Request.
  Time since last request: 8.205422 seconds.
  path: Assets/Resources/Characters/Beach.prefab
  artifactKey: Guid(fb0f369b256cb62a2964ce7a21760c5f) Importer(815301076,1909f56bfc062723c751e8b465ee728b)
Start importing Assets/Resources/Characters/Beach.prefab using Guid(fb0f369b256cb62a2964ce7a21760c5f) Importer(815301076,1909f56bfc062723c751e8b465ee728b)  -> (artifact id: '9c8bf9648ee4f0a9159d751ad0ae4472') in 0.047436 seconds 
  Import took 0.057655 seconds .

========================================================================
Received Import Request.
  Time since last request: 3.299099 seconds.
  path: Assets/Resources/Characters/Beach.prefab
  artifactKey: Guid(fb0f369b256cb62a2964ce7a21760c5f) Importer(815301076,1909f56bfc062723c751e8b465ee728b)
Start importing Assets/Resources/Characters/Beach.prefab using Guid(fb0f369b256cb62a2964ce7a21760c5f) Importer(815301076,1909f56bfc062723c751e8b465ee728b)  -> (artifact id: '3cc113281ac59534f3692482235f2a17') in 0.052657 seconds 
  Import took 0.061855 seconds .

========================================================================
Received Import Request.
  Time since last request: 172.823051 seconds.
  path: Assets/Resources/Characters/Beach.prefab
  artifactKey: Guid(fb0f369b256cb62a2964ce7a21760c5f) Importer(815301076,1909f56bfc062723c751e8b465ee728b)
Start importing Assets/Resources/Characters/Beach.prefab using Guid(fb0f369b256cb62a2964ce7a21760c5f) Importer(815301076,1909f56bfc062723c751e8b465ee728b)  -> (artifact id: 'b2d64b83fae33d143347ef8fc6eb4386') in 0.128101 seconds 
  Import took 0.156326 seconds .

========================================================================
Received Import Request.
  Time since last request: 1.884344 seconds.
  path: Assets/Resources/Characters/Beach.prefab
  artifactKey: Guid(fb0f369b256cb62a2964ce7a21760c5f) Importer(815301076,1909f56bfc062723c751e8b465ee728b)
Start importing Assets/Resources/Characters/Beach.prefab using Guid(fb0f369b256cb62a2964ce7a21760c5f) Importer(815301076,1909f56bfc062723c751e8b465ee728b)  -> (artifact id: '7fe269f8a49316b3373a8545f44365d6') in 0.046331 seconds 
  Import took 0.054670 seconds .

========================================================================
Received Import Request.
  Time since last request: 1.988078 seconds.
  path: Assets/Resources/Characters/Beach.prefab
  artifactKey: Guid(fb0f369b256cb62a2964ce7a21760c5f) Importer(815301076,1909f56bfc062723c751e8b465ee728b)
Start importing Assets/Resources/Characters/Beach.prefab using Guid(fb0f369b256cb62a2964ce7a21760c5f) Importer(815301076,1909f56bfc062723c751e8b465ee728b)  -> (artifact id: 'a4ea61743f253964be0016d05ebb8aef') in 0.045681 seconds 
  Import took 0.057803 seconds .

========================================================================
Received Import Request.
  Time since last request: 4.297238 seconds.
  path: Assets/Resources/Characters/Beach.prefab
  artifactKey: Guid(fb0f369b256cb62a2964ce7a21760c5f) Importer(815301076,1909f56bfc062723c751e8b465ee728b)
Start importing Assets/Resources/Characters/Beach.prefab using Guid(fb0f369b256cb62a2964ce7a21760c5f) Importer(815301076,1909f56bfc062723c751e8b465ee728b)  -> (artifact id: '9392210ee06b0f537726256fa19c073a') in 0.041596 seconds 
  Import took 0.050696 seconds .

========================================================================
Received Import Request.
  Time since last request: 10.449763 seconds.
  path: Assets/Resources/Characters/Beach.prefab
  artifactKey: Guid(fb0f369b256cb62a2964ce7a21760c5f) Importer(815301076,1909f56bfc062723c751e8b465ee728b)
Start importing Assets/Resources/Characters/Beach.prefab using Guid(fb0f369b256cb62a2964ce7a21760c5f) Importer(815301076,1909f56bfc062723c751e8b465ee728b)  -> (artifact id: 'df7039ddedbd055e4de2f107dd592cde') in 0.050073 seconds 
  Import took 0.059024 seconds .

========================================================================
Received Import Request.
  Time since last request: 14.642346 seconds.
  path: Assets/Resources/Characters/Beach.prefab
  artifactKey: Guid(fb0f369b256cb62a2964ce7a21760c5f) Importer(815301076,1909f56bfc062723c751e8b465ee728b)
Start importing Assets/Resources/Characters/Beach.prefab using Guid(fb0f369b256cb62a2964ce7a21760c5f) Importer(815301076,1909f56bfc062723c751e8b465ee728b)  -> (artifact id: '9855e591597c4f9d6bcf6495580f7d4f') in 0.049173 seconds 
  Import took 0.062103 seconds .

========================================================================
Received Import Request.
  Time since last request: 4.613609 seconds.
  path: Assets/Resources/Characters/Beach.prefab
  artifactKey: Guid(fb0f369b256cb62a2964ce7a21760c5f) Importer(815301076,1909f56bfc062723c751e8b465ee728b)
Start importing Assets/Resources/Characters/Beach.prefab using Guid(fb0f369b256cb62a2964ce7a21760c5f) Importer(815301076,1909f56bfc062723c751e8b465ee728b)  -> (artifact id: 'fa555848ea56bf9e8e65f2187382a36d') in 0.043676 seconds 
  Import took 0.062307 seconds .

========================================================================
Received Import Request.
  Time since last request: 9.225445 seconds.
  path: Assets/Resources/Characters/Beach.prefab
  artifactKey: Guid(fb0f369b256cb62a2964ce7a21760c5f) Importer(815301076,1909f56bfc062723c751e8b465ee728b)
Start importing Assets/Resources/Characters/Beach.prefab using Guid(fb0f369b256cb62a2964ce7a21760c5f) Importer(815301076,1909f56bfc062723c751e8b465ee728b)  -> (artifact id: 'c5f745a1db29ee2b89bfd14328eeecfb') in 0.041143 seconds 
  Import took 0.057980 seconds .

========================================================================
Received Import Request.
  Time since last request: 11.699551 seconds.
  path: Assets/Resources/Characters/Beach.prefab
  artifactKey: Guid(fb0f369b256cb62a2964ce7a21760c5f) Importer(815301076,1909f56bfc062723c751e8b465ee728b)
Start importing Assets/Resources/Characters/Beach.prefab using Guid(fb0f369b256cb62a2964ce7a21760c5f) Importer(815301076,1909f56bfc062723c751e8b465ee728b)  -> (artifact id: '0880fb5e1e712db0362c370dfa478b51') in 0.049779 seconds 
  Import took 0.058241 seconds .

========================================================================
Received Import Request.
  Time since last request: 6.530555 seconds.
  path: Assets/Resources/Characters/Beach.prefab
  artifactKey: Guid(fb0f369b256cb62a2964ce7a21760c5f) Importer(815301076,1909f56bfc062723c751e8b465ee728b)
Start importing Assets/Resources/Characters/Beach.prefab using Guid(fb0f369b256cb62a2964ce7a21760c5f) Importer(815301076,1909f56bfc062723c751e8b465ee728b)  -> (artifact id: 'df7fa2dfe41ab4a5de98d8e136ce81d0') in 0.048574 seconds 
  Import took 0.056761 seconds .

========================================================================
Received Import Request.
  Time since last request: 12.998213 seconds.
  path: Assets/Resources/Characters/Beach.prefab
  artifactKey: Guid(fb0f369b256cb62a2964ce7a21760c5f) Importer(815301076,1909f56bfc062723c751e8b465ee728b)
Start importing Assets/Resources/Characters/Beach.prefab using Guid(fb0f369b256cb62a2964ce7a21760c5f) Importer(815301076,1909f56bfc062723c751e8b465ee728b)  -> (artifact id: '86c0f293d4f302d330950e67fba17dc9') in 0.046158 seconds 
  Import took 0.087077 seconds .

========================================================================
Received Import Request.
  Time since last request: 0.763870 seconds.
  path: Assets/Resources/Characters/Beach.prefab
  artifactKey: Guid(fb0f369b256cb62a2964ce7a21760c5f) Importer(815301076,1909f56bfc062723c751e8b465ee728b)
Start importing Assets/Resources/Characters/Beach.prefab using Guid(fb0f369b256cb62a2964ce7a21760c5f) Importer(815301076,1909f56bfc062723c751e8b465ee728b)  -> (artifact id: '7e28f75aec9d19550bbd8927ca30a2a5') in 0.050443 seconds 
  Import took 0.062293 seconds .

========================================================================
Received Import Request.
  Time since last request: 0.928168 seconds.
  path: Assets/Resources/Characters/Beach.prefab
  artifactKey: Guid(fb0f369b256cb62a2964ce7a21760c5f) Importer(815301076,1909f56bfc062723c751e8b465ee728b)
Start importing Assets/Resources/Characters/Beach.prefab using Guid(fb0f369b256cb62a2964ce7a21760c5f) Importer(815301076,1909f56bfc062723c751e8b465ee728b)  -> (artifact id: 'c54d64a111ac6c371419e2cfa1b74e50') in 0.051696 seconds 
  Import took 0.060401 seconds .

========================================================================
Received Import Request.
  Time since last request: 3.240107 seconds.
  path: Assets/Resources/Characters/Beach.prefab
  artifactKey: Guid(fb0f369b256cb62a2964ce7a21760c5f) Importer(815301076,1909f56bfc062723c751e8b465ee728b)
Start importing Assets/Resources/Characters/Beach.prefab using Guid(fb0f369b256cb62a2964ce7a21760c5f) Importer(815301076,1909f56bfc062723c751e8b465ee728b)  -> (artifact id: 'db4e7bf93dde3d0f7f620e889342f9c2') in 0.049964 seconds 
  Import took 0.061258 seconds .

========================================================================
Received Import Request.
  Time since last request: 6.551386 seconds.
  path: Assets/Resources/Characters/Beach.prefab
  artifactKey: Guid(fb0f369b256cb62a2964ce7a21760c5f) Importer(815301076,1909f56bfc062723c751e8b465ee728b)
Start importing Assets/Resources/Characters/Beach.prefab using Guid(fb0f369b256cb62a2964ce7a21760c5f) Importer(815301076,1909f56bfc062723c751e8b465ee728b)  -> (artifact id: '2d677b0a40bcdb0e8e46ee5edf31db10') in 0.049939 seconds 
  Import took 0.079942 seconds .

========================================================================
Received Import Request.
  Time since last request: 2.532880 seconds.
  path: Assets/Resources/Characters/Beach.prefab
  artifactKey: Guid(fb0f369b256cb62a2964ce7a21760c5f) Importer(815301076,1909f56bfc062723c751e8b465ee728b)
Start importing Assets/Resources/Characters/Beach.prefab using Guid(fb0f369b256cb62a2964ce7a21760c5f) Importer(815301076,1909f56bfc062723c751e8b465ee728b)  -> (artifact id: '0d93c77f9bac802515066120026a1af3') in 0.050633 seconds 
  Import took 0.074127 seconds .

========================================================================
Received Import Request.
  Time since last request: 5.904507 seconds.
  path: Assets/Resources/Characters/Beach.prefab
  artifactKey: Guid(fb0f369b256cb62a2964ce7a21760c5f) Importer(815301076,1909f56bfc062723c751e8b465ee728b)
Start importing Assets/Resources/Characters/Beach.prefab using Guid(fb0f369b256cb62a2964ce7a21760c5f) Importer(815301076,1909f56bfc062723c751e8b465ee728b)  -> (artifact id: '04f629836ee7bdd431e09d5492bf8faa') in 0.047034 seconds 
  Import took 0.055627 seconds .

========================================================================
Received Import Request.
  Time since last request: 1.618165 seconds.
  path: Assets/Resources/Characters/Beach.prefab
  artifactKey: Guid(fb0f369b256cb62a2964ce7a21760c5f) Importer(815301076,1909f56bfc062723c751e8b465ee728b)
Start importing Assets/Resources/Characters/Beach.prefab using Guid(fb0f369b256cb62a2964ce7a21760c5f) Importer(815301076,1909f56bfc062723c751e8b465ee728b)  -> (artifact id: '8ccdcf8ad03675a36f18ac12c8de19b7') in 0.051128 seconds 
  Import took 0.062133 seconds .

========================================================================
Received Import Request.
  Time since last request: 1.823605 seconds.
  path: Assets/Resources/Characters/Beach.prefab
  artifactKey: Guid(fb0f369b256cb62a2964ce7a21760c5f) Importer(815301076,1909f56bfc062723c751e8b465ee728b)
Start importing Assets/Resources/Characters/Beach.prefab using Guid(fb0f369b256cb62a2964ce7a21760c5f) Importer(815301076,1909f56bfc062723c751e8b465ee728b)  -> (artifact id: '303eb1f43e4fef211ac81d8f60f4d31f') in 0.046760 seconds 
  Import took 0.053321 seconds .

========================================================================
Received Import Request.
  Time since last request: 4.358205 seconds.
  path: Assets/Resources/Characters/Beach.prefab
  artifactKey: Guid(fb0f369b256cb62a2964ce7a21760c5f) Importer(815301076,1909f56bfc062723c751e8b465ee728b)
Start importing Assets/Resources/Characters/Beach.prefab using Guid(fb0f369b256cb62a2964ce7a21760c5f) Importer(815301076,1909f56bfc062723c751e8b465ee728b)  -> (artifact id: '02f54ae8bda5b127fbc92c68dc8b9a72') in 0.049618 seconds 
  Import took 0.056808 seconds .

========================================================================
Received Import Request.
  Time since last request: 10.651660 seconds.
  path: Assets/Resources/Characters/Beach.prefab
  artifactKey: Guid(fb0f369b256cb62a2964ce7a21760c5f) Importer(815301076,1909f56bfc062723c751e8b465ee728b)
Start importing Assets/Resources/Characters/Beach.prefab using Guid(fb0f369b256cb62a2964ce7a21760c5f) Importer(815301076,1909f56bfc062723c751e8b465ee728b)  -> (artifact id: '960723acc35618c0e905cc9e170a9379') in 0.044565 seconds 
  Import took 0.063268 seconds .

========================================================================
Received Import Request.
  Time since last request: 2.313170 seconds.
  path: Assets/Resources/Characters/Beach.prefab
  artifactKey: Guid(fb0f369b256cb62a2964ce7a21760c5f) Importer(815301076,1909f56bfc062723c751e8b465ee728b)
Start importing Assets/Resources/Characters/Beach.prefab using Guid(fb0f369b256cb62a2964ce7a21760c5f) Importer(815301076,1909f56bfc062723c751e8b465ee728b)  -> (artifact id: 'b95fe8827cbc707408714a416f81ead1') in 0.051637 seconds 
  Import took 0.060031 seconds .

========================================================================
Received Import Request.
  Time since last request: 2.523088 seconds.
  path: Assets/Resources/Characters/Beach.prefab
  artifactKey: Guid(fb0f369b256cb62a2964ce7a21760c5f) Importer(815301076,1909f56bfc062723c751e8b465ee728b)
Start importing Assets/Resources/Characters/Beach.prefab using Guid(fb0f369b256cb62a2964ce7a21760c5f) Importer(815301076,1909f56bfc062723c751e8b465ee728b)  -> (artifact id: '43b8cb62e0ee17a5952261b0890e0b1a') in 0.044752 seconds 
  Import took 0.068654 seconds .

========================================================================
Received Import Request.
  Time since last request: 10.806898 seconds.
  path: Assets/Resources/Characters/Beach.prefab
  artifactKey: Guid(fb0f369b256cb62a2964ce7a21760c5f) Importer(815301076,1909f56bfc062723c751e8b465ee728b)
Start importing Assets/Resources/Characters/Beach.prefab using Guid(fb0f369b256cb62a2964ce7a21760c5f) Importer(815301076,1909f56bfc062723c751e8b465ee728b)  -> (artifact id: '806aa10b45d2464114dda986c865148e') in 0.044166 seconds 
  Import took 0.050262 seconds .

========================================================================
Received Import Request.
  Time since last request: 14.524931 seconds.
  path: Assets/Resources/Characters/Beach.prefab
  artifactKey: Guid(fb0f369b256cb62a2964ce7a21760c5f) Importer(815301076,1909f56bfc062723c751e8b465ee728b)
Start importing Assets/Resources/Characters/Beach.prefab using Guid(fb0f369b256cb62a2964ce7a21760c5f) Importer(815301076,1909f56bfc062723c751e8b465ee728b)  -> (artifact id: '6f3a1d38b27d0c5a05d1522cde0cc9a5') in 0.042261 seconds 
  Import took 0.052290 seconds .

========================================================================
Received Import Request.
  Time since last request: 5.188525 seconds.
  path: Assets/Prefabs/DIalogue Box.prefab
  artifactKey: Guid(665ef4d17aec7188da2c2b7136376183) Importer(815301076,1909f56bfc062723c751e8b465ee728b)
Start importing Assets/Prefabs/DIalogue Box.prefab using Guid(665ef4d17aec7188da2c2b7136376183) Importer(815301076,1909f56bfc062723c751e8b465ee728b)  -> (artifact id: '2f3f0359a2368f52b685f3b281d8e895') in 0.055909 seconds 
  Import took 0.068229 seconds .

========================================================================
Received Import Request.
  Time since last request: 2.640804 seconds.
  path: Assets/Resources/Characters/Beach.prefab
  artifactKey: Guid(fb0f369b256cb62a2964ce7a21760c5f) Importer(815301076,1909f56bfc062723c751e8b465ee728b)
Start importing Assets/Resources/Characters/Beach.prefab using Guid(fb0f369b256cb62a2964ce7a21760c5f) Importer(815301076,1909f56bfc062723c751e8b465ee728b)  -> (artifact id: 'e00821c11be9aeb9c3817137e743d331') in 0.042328 seconds 
  Import took 0.048580 seconds .

========================================================================
Received Import Request.
  Time since last request: 6.806268 seconds.
  path: Assets/Resources/Characters/Beach.prefab
  artifactKey: Guid(fb0f369b256cb62a2964ce7a21760c5f) Importer(815301076,1909f56bfc062723c751e8b465ee728b)
Start importing Assets/Resources/Characters/Beach.prefab using Guid(fb0f369b256cb62a2964ce7a21760c5f) Importer(815301076,1909f56bfc062723c751e8b465ee728b)  -> (artifact id: '8ef50385036401ed322280730b136ba3') in 0.047871 seconds 
  Import took 0.056482 seconds .

========================================================================
Received Import Request.
  Time since last request: 29.646316 seconds.
  path: Assets/Resources/Characters/BusinessMan.prefab
  artifactKey: Guid(de8042fee731a668da74c62a9ca39877) Importer(815301076,1909f56bfc062723c751e8b465ee728b)
Start importing Assets/Resources/Characters/BusinessMan.prefab using Guid(de8042fee731a668da74c62a9ca39877) Importer(815301076,1909f56bfc062723c751e8b465ee728b)  -> (artifact id: '08252f4b69e3cf650bce430675c0cc9d') in 0.111199 seconds 
  Import took 0.119097 seconds .

========================================================================
Received Import Request.
  Time since last request: 5.778944 seconds.
  path: Assets/Resources/Characters/BusinessMan.prefab
  artifactKey: Guid(de8042fee731a668da74c62a9ca39877) Importer(815301076,1909f56bfc062723c751e8b465ee728b)
Start importing Assets/Resources/Characters/BusinessMan.prefab using Guid(de8042fee731a668da74c62a9ca39877) Importer(815301076,1909f56bfc062723c751e8b465ee728b)  -> (artifact id: '044e04d3cb7efb18a7edb6d56cb6c880') in 0.050983 seconds 
  Import took 0.061392 seconds .

========================================================================
Received Import Request.
  Time since last request: 9.122760 seconds.
  path: Assets/Resources/Characters/Beach.prefab
  artifactKey: Guid(fb0f369b256cb62a2964ce7a21760c5f) Importer(815301076,1909f56bfc062723c751e8b465ee728b)
Start importing Assets/Resources/Characters/Beach.prefab using Guid(fb0f369b256cb62a2964ce7a21760c5f) Importer(815301076,1909f56bfc062723c751e8b465ee728b)  -> (artifact id: '9cf7d8bde54f950105241e76c671c3bd') in 0.058904 seconds 
  Import took 0.071997 seconds .

========================================================================
Received Prepare
Registering precompiled user dll's ...
Registered in 0.035524 seconds.
Begin MonoManager ReloadAssembly
Native extension for LinuxStandalone target not found
Native extension for WebGL target not found
Refreshing native plugins compatible for Editor in 0.37 ms, found 0 plugins.
Preloading 0 native plugins for Editor in 0.00 ms.
Mono: successfully reloaded assembly
- Completed reload, in  1.618 seconds
Domain Reload Profiling:
	ReloadAssembly (1619ms)
		BeginReloadAssembly (184ms)
			ExecutionOrderSort (0ms)
			DisableScriptedObjects (11ms)
			BackupInstance (0ms)
			ReleaseScriptingObjects (0ms)
			CreateAndSetChildDomain (81ms)
		EndReloadAssembly (1343ms)
			LoadAssemblies (122ms)
			RebuildTransferFunctionScriptingTraits (0ms)
			SetupTypeCache (454ms)
			ReleaseScriptCaches (1ms)
			RebuildScriptCaches (67ms)
			SetupLoadedEditorAssemblies (492ms)
				LogAssemblyErrors (0ms)
				InitializePlatformSupportModulesInManaged (12ms)
				SetLoadedEditorAssemblies (1ms)
				RefreshPlugins (1ms)
				BeforeProcessingInitializeOnLoad (123ms)
				ProcessInitializeOnLoadAttributes (333ms)
				ProcessInitializeOnLoadMethodAttributes (13ms)
				AfterProcessingInitializeOnLoad (8ms)
				EditorAssembliesLoaded (0ms)
			ExecutionOrderSort2 (0ms)
			AwakeInstancesAfterBackupRestoration (9ms)
Platform modules already initialized, skipping
Refreshing native plugins compatible for Editor in 0.42 ms, found 0 plugins.
Preloading 0 native plugins for Editor in 0.00 ms.
Unloading 1511 Unused Serialized files (Serialized files now loaded: 0)
System memory in use before: 64.3 MB.
System memory in use after: 64.3 MB.

Unloading 14 unused Assets to reduce memory usage. Loaded Objects now: 1979.
Total: 12.827642 ms (FindLiveObjects: 0.256842 ms CreateObjectMapping: 0.092169 ms MarkObjects: 12.343358 ms  DeleteObjects: 0.132615 ms)

AssetImportParameters requested are different than current active one (requested -> active):
  custom:video-decoder-ogg-theora: a1e56fd34408186e4bbccfd4996cb3dc -> 
  custom:container-muxer-webm: aa71ff27fc2769a1b78a27578f13a17b -> 
  custom:container-demuxer-webm: 4f35f7cbe854078d1ac9338744f61a02 -> 
  custom:container-demuxer-ogg: 62fdf1f143b41e24485cea50d1cbac27 -> 
  custom:video-encoder-webm-vp8: eb34c28f22e8b96e1ab97ce403110664 -> 
  custom:video-decoder-webm-vp8: 9c59270c3fd7afecdb556c50c9e8de78 -> 
  custom:audio-decoder-ogg-vorbis: bf7c407c2cedff20999df2af8eb42d56 -> 
  custom:audio-encoder-webm-vorbis: bf7c407c2cedff20999df2af8eb42d56 -> 
========================================================================
Received Import Request.
  Time since last request: 246.462480 seconds.
  path: Assets/Resources/Characters/Beach.prefab
  artifactKey: Guid(fb0f369b256cb62a2964ce7a21760c5f) Importer(815301076,1909f56bfc062723c751e8b465ee728b)
Start importing Assets/Resources/Characters/Beach.prefab using Guid(fb0f369b256cb62a2964ce7a21760c5f) Importer(815301076,1909f56bfc062723c751e8b465ee728b)  -> (artifact id: 'e9bad343e9cd2781d5e5ba9a93f4e002') in 0.156676 seconds 
  Import took 0.165288 seconds .

========================================================================
Received Import Request.
  Time since last request: 0.000259 seconds.
  path: Assets/Resources/Characters/BusinessMan.prefab
  artifactKey: Guid(de8042fee731a668da74c62a9ca39877) Importer(815301076,1909f56bfc062723c751e8b465ee728b)
Start importing Assets/Resources/Characters/BusinessMan.prefab using Guid(de8042fee731a668da74c62a9ca39877) Importer(815301076,1909f56bfc062723c751e8b465ee728b)  -> (artifact id: '4f8c3bd5a881cb09428231512997e3f8') in 0.039713 seconds 
  Import took 0.053191 seconds .

========================================================================
Received Import Request.
  Time since last request: 0.000478 seconds.
  path: Assets/Resources/Characters/Farmer.prefab
  artifactKey: Guid(43f72cbdac7d3527ca6743b793190891) Importer(815301076,1909f56bfc062723c751e8b465ee728b)
Start importing Assets/Resources/Characters/Farmer.prefab using Guid(43f72cbdac7d3527ca6743b793190891) Importer(815301076,1909f56bfc062723c751e8b465ee728b)  -> (artifact id: 'bec7866f070fb0dbc46f8d1f41ee51da') in 0.056703 seconds 
  Import took 0.069570 seconds .

========================================================================
Received Import Request.
  Time since last request: 0.000493 seconds.
  path: Assets/Resources/Characters/Casual.prefab
  artifactKey: Guid(15c368beae6fccac2b74d3417939c23f) Importer(815301076,1909f56bfc062723c751e8b465ee728b)
Start importing Assets/Resources/Characters/Casual.prefab using Guid(15c368beae6fccac2b74d3417939c23f) Importer(815301076,1909f56bfc062723c751e8b465ee728b)  -> (artifact id: '49fdca25a3c3562a22c6f0719b3be41e') in 0.070119 seconds 
  Import took 0.095945 seconds .

========================================================================
Received Import Request.
  Time since last request: 9.599228 seconds.
  path: Assets/Resources/Characters/Beach.prefab
  artifactKey: Guid(fb0f369b256cb62a2964ce7a21760c5f) Importer(815301076,1909f56bfc062723c751e8b465ee728b)
Start importing Assets/Resources/Characters/Beach.prefab using Guid(fb0f369b256cb62a2964ce7a21760c5f) Importer(815301076,1909f56bfc062723c751e8b465ee728b)  -> (artifact id: 'ad845917716ae87615d1d77990e28501') in 0.066239 seconds 
  Import took 0.082603 seconds .

========================================================================
Received Import Request.
  Time since last request: 4.858577 seconds.
  path: Assets/Resources/Characters/BusinessMan.prefab
  artifactKey: Guid(de8042fee731a668da74c62a9ca39877) Importer(815301076,1909f56bfc062723c751e8b465ee728b)
Start importing Assets/Resources/Characters/BusinessMan.prefab using Guid(de8042fee731a668da74c62a9ca39877) Importer(815301076,1909f56bfc062723c751e8b465ee728b)  -> (artifact id: '33e66db88ba89403b00a38c8a7e6d116') in 0.053777 seconds 
  Import took 0.070518 seconds .

========================================================================
Received Prepare
Registering precompiled user dll's ...
Registered in 0.046010 seconds.
Begin MonoManager ReloadAssembly
Native extension for LinuxStandalone target not found
Native extension for WebGL target not found
Refreshing native plugins compatible for Editor in 0.46 ms, found 0 plugins.
Preloading 0 native plugins for Editor in 0.00 ms.
Mono: successfully reloaded assembly
- Completed reload, in  1.797 seconds
Domain Reload Profiling:
	ReloadAssembly (1798ms)
		BeginReloadAssembly (153ms)
			ExecutionOrderSort (0ms)
			DisableScriptedObjects (7ms)
			BackupInstance (0ms)
			ReleaseScriptingObjects (0ms)
			CreateAndSetChildDomain (59ms)
		EndReloadAssembly (1550ms)
			LoadAssemblies (131ms)
			RebuildTransferFunctionScriptingTraits (0ms)
			SetupTypeCache (621ms)
			ReleaseScriptCaches (1ms)
			RebuildScriptCaches (55ms)
			SetupLoadedEditorAssemblies (562ms)
				LogAssemblyErrors (0ms)
				InitializePlatformSupportModulesInManaged (8ms)
				SetLoadedEditorAssemblies (1ms)
				RefreshPlugins (1ms)
				BeforeProcessingInitializeOnLoad (104ms)
				ProcessInitializeOnLoadAttributes (414ms)
				ProcessInitializeOnLoadMethodAttributes (20ms)
				AfterProcessingInitializeOnLoad (13ms)
				EditorAssembliesLoaded (0ms)
			ExecutionOrderSort2 (0ms)
			AwakeInstancesAfterBackupRestoration (15ms)
Platform modules already initialized, skipping
Refreshing native plugins compatible for Editor in 0.36 ms, found 0 plugins.
Preloading 0 native plugins for Editor in 0.00 ms.
Unloading 1511 Unused Serialized files (Serialized files now loaded: 0)
System memory in use before: 64.5 MB.
System memory in use after: 64.6 MB.

Unloading 14 unused Assets to reduce memory usage. Loaded Objects now: 1982.
Total: 5.550232 ms (FindLiveObjects: 0.184251 ms CreateObjectMapping: 0.059793 ms MarkObjects: 5.234674 ms  DeleteObjects: 0.070060 ms)

AssetImportParameters requested are different than current active one (requested -> active):
  custom:video-decoder-ogg-theora: a1e56fd34408186e4bbccfd4996cb3dc -> 
  custom:container-muxer-webm: aa71ff27fc2769a1b78a27578f13a17b -> 
  custom:container-demuxer-webm: 4f35f7cbe854078d1ac9338744f61a02 -> 
  custom:container-demuxer-ogg: 62fdf1f143b41e24485cea50d1cbac27 -> 
  custom:video-encoder-webm-vp8: eb34c28f22e8b96e1ab97ce403110664 -> 
  custom:video-decoder-webm-vp8: 9c59270c3fd7afecdb556c50c9e8de78 -> 
  custom:audio-decoder-ogg-vorbis: bf7c407c2cedff20999df2af8eb42d56 -> 
  custom:audio-encoder-webm-vorbis: bf7c407c2cedff20999df2af8eb42d56 -> 
========================================================================
Received Import Request.
  Time since last request: 62.447105 seconds.
  path: Assets/Prefabs/DIalogue Box.prefab
  artifactKey: Guid(665ef4d17aec7188da2c2b7136376183) Importer(815301076,1909f56bfc062723c751e8b465ee728b)
Start importing Assets/Prefabs/DIalogue Box.prefab using Guid(665ef4d17aec7188da2c2b7136376183) Importer(815301076,1909f56bfc062723c751e8b465ee728b)  -> (artifact id: '714ef07898cf1055e2b05eb3f63fba60') in 0.053145 seconds 
  Import took 0.057941 seconds .

========================================================================
Received Import Request.
  Time since last request: 5.253712 seconds.
  path: Assets/Prefabs/DIalogue Box.prefab
  artifactKey: Guid(665ef4d17aec7188da2c2b7136376183) Importer(815301076,1909f56bfc062723c751e8b465ee728b)
Start importing Assets/Prefabs/DIalogue Box.prefab using Guid(665ef4d17aec7188da2c2b7136376183) Importer(815301076,1909f56bfc062723c751e8b465ee728b)  -> (artifact id: '6acfda7a12a64374fc88cd605a15bf05') in 0.020211 seconds 
  Import took 0.029106 seconds .

========================================================================
Received Import Request.
  Time since last request: 10.923588 seconds.
  path: Assets/Prefabs/DIalogue Box.prefab
  artifactKey: Guid(665ef4d17aec7188da2c2b7136376183) Importer(815301076,1909f56bfc062723c751e8b465ee728b)
Start importing Assets/Prefabs/DIalogue Box.prefab using Guid(665ef4d17aec7188da2c2b7136376183) Importer(815301076,1909f56bfc062723c751e8b465ee728b)  -> (artifact id: 'e045ef9ba10ae61c68eb8f1197fa3f24') in 0.022971 seconds 
  Import took 0.033503 seconds .

========================================================================
Received Import Request.
  Time since last request: 10.300982 seconds.
  path: Assets/Prefabs/DIalogue Box.prefab
  artifactKey: Guid(665ef4d17aec7188da2c2b7136376183) Importer(815301076,1909f56bfc062723c751e8b465ee728b)
Start importing Assets/Prefabs/DIalogue Box.prefab using Guid(665ef4d17aec7188da2c2b7136376183) Importer(815301076,1909f56bfc062723c751e8b465ee728b)  -> (artifact id: 'a3190128e893d09fb29614276b63be40') in 0.040686 seconds 
  Import took 0.053025 seconds .

========================================================================
Received Prepare
Registering precompiled user dll's ...
Registered in 0.021396 seconds.
Begin MonoManager ReloadAssembly
Native extension for LinuxStandalone target not found
Native extension for WebGL target not found
Refreshing native plugins compatible for Editor in 0.84 ms, found 0 plugins.
Preloading 0 native plugins for Editor in 0.00 ms.
Mono: successfully reloaded assembly
- Completed reload, in  4.075 seconds
Domain Reload Profiling:
	ReloadAssembly (4077ms)
		BeginReloadAssembly (346ms)
			ExecutionOrderSort (0ms)
			DisableScriptedObjects (14ms)
			BackupInstance (0ms)
			ReleaseScriptingObjects (0ms)
			CreateAndSetChildDomain (157ms)
		EndReloadAssembly (3478ms)
			LoadAssemblies (337ms)
			RebuildTransferFunctionScriptingTraits (0ms)
			SetupTypeCache (1130ms)
			ReleaseScriptCaches (5ms)
			RebuildScriptCaches (172ms)
			SetupLoadedEditorAssemblies (1386ms)
				LogAssemblyErrors (0ms)
				InitializePlatformSupportModulesInManaged (20ms)
				SetLoadedEditorAssemblies (3ms)
				RefreshPlugins (2ms)
				BeforeProcessingInitializeOnLoad (277ms)
				ProcessInitializeOnLoadAttributes (1021ms)
				ProcessInitializeOnLoadMethodAttributes (32ms)
				AfterProcessingInitializeOnLoad (32ms)
				EditorAssembliesLoaded (0ms)
			ExecutionOrderSort2 (0ms)
			AwakeInstancesAfterBackupRestoration (17ms)
Platform modules already initialized, skipping
Refreshing native plugins compatible for Editor in 0.79 ms, found 0 plugins.
Preloading 0 native plugins for Editor in 0.00 ms.
Unloading 1511 Unused Serialized files (Serialized files now loaded: 0)
System memory in use before: 64.5 MB.
System memory in use after: 64.6 MB.

Unloading 14 unused Assets to reduce memory usage. Loaded Objects now: 1984.
Total: 16.273696 ms (FindLiveObjects: 0.577725 ms CreateObjectMapping: 0.234258 ms MarkObjects: 15.339705 ms  DeleteObjects: 0.115760 ms)

AssetImportParameters requested are different than current active one (requested -> active):
  custom:video-decoder-ogg-theora: a1e56fd34408186e4bbccfd4996cb3dc -> 
  custom:container-muxer-webm: aa71ff27fc2769a1b78a27578f13a17b -> 
  custom:container-demuxer-webm: 4f35f7cbe854078d1ac9338744f61a02 -> 
  custom:container-demuxer-ogg: 62fdf1f143b41e24485cea50d1cbac27 -> 
  custom:video-encoder-webm-vp8: eb34c28f22e8b96e1ab97ce403110664 -> 
  custom:video-decoder-webm-vp8: 9c59270c3fd7afecdb556c50c9e8de78 -> 
  custom:audio-decoder-ogg-vorbis: bf7c407c2cedff20999df2af8eb42d56 -> 
  custom:audio-encoder-webm-vorbis: bf7c407c2cedff20999df2af8eb42d56 -> 
========================================================================
Received Prepare
Registering precompiled user dll's ...
Registered in 0.039704 seconds.
Begin MonoManager ReloadAssembly
Native extension for LinuxStandalone target not found
Native extension for WebGL target not found
Refreshing native plugins compatible for Editor in 0.53 ms, found 0 plugins.
Preloading 0 native plugins for Editor in 0.00 ms.
Mono: successfully reloaded assembly
- Completed reload, in  1.731 seconds
Domain Reload Profiling:
	ReloadAssembly (1732ms)
		BeginReloadAssembly (145ms)
			ExecutionOrderSort (0ms)
			DisableScriptedObjects (9ms)
			BackupInstance (0ms)
			ReleaseScriptingObjects (0ms)
			CreateAndSetChildDomain (54ms)
		EndReloadAssembly (1492ms)
			LoadAssemblies (152ms)
			RebuildTransferFunctionScriptingTraits (0ms)
			SetupTypeCache (522ms)
			ReleaseScriptCaches (1ms)
			RebuildScriptCaches (78ms)
			SetupLoadedEditorAssemblies (487ms)
				LogAssemblyErrors (0ms)
				InitializePlatformSupportModulesInManaged (12ms)
				SetLoadedEditorAssemblies (1ms)
				RefreshPlugins (1ms)
				BeforeProcessingInitializeOnLoad (112ms)
				ProcessInitializeOnLoadAttributes (338ms)
				ProcessInitializeOnLoadMethodAttributes (13ms)
				AfterProcessingInitializeOnLoad (9ms)
				EditorAssembliesLoaded (1ms)
			ExecutionOrderSort2 (0ms)
			AwakeInstancesAfterBackupRestoration (18ms)
Platform modules already initialized, skipping
Refreshing native plugins compatible for Editor in 0.52 ms, found 0 plugins.
Preloading 0 native plugins for Editor in 0.00 ms.
Unloading 1511 Unused Serialized files (Serialized files now loaded: 0)
System memory in use before: 64.5 MB.
System memory in use after: 64.6 MB.

Unloading 14 unused Assets to reduce memory usage. Loaded Objects now: 1986.
Total: 7.809309 ms (FindLiveObjects: 0.215899 ms CreateObjectMapping: 0.065967 ms MarkObjects: 7.418269 ms  DeleteObjects: 0.093700 ms)

AssetImportParameters requested are different than current active one (requested -> active):
  custom:video-decoder-ogg-theora: a1e56fd34408186e4bbccfd4996cb3dc -> 
  custom:container-muxer-webm: aa71ff27fc2769a1b78a27578f13a17b -> 
  custom:container-demuxer-webm: 4f35f7cbe854078d1ac9338744f61a02 -> 
  custom:container-demuxer-ogg: 62fdf1f143b41e24485cea50d1cbac27 -> 
  custom:video-encoder-webm-vp8: eb34c28f22e8b96e1ab97ce403110664 -> 
  custom:video-decoder-webm-vp8: 9c59270c3fd7afecdb556c50c9e8de78 -> 
  custom:audio-decoder-ogg-vorbis: bf7c407c2cedff20999df2af8eb42d56 -> 
  custom:audio-encoder-webm-vorbis: bf7c407c2cedff20999df2af8eb42d56 -> 
